2019-03-30 09:05:17.042  INFO 544040 --- [081-exec-3] o.apache.coyote.http11.Http11Processor     175 : The host [weChatTax_test] is not valid
 Note: further occurrences of request parsing errors will be logged at DEBUG level.

java.lang.IllegalArgumentException: The character [_] is never valid in a domain name.
	at org.apache.tomcat.util.http.parser.HttpParser$DomainParseState.next(HttpParser.java:926)
	at org.apache.tomcat.util.http.parser.HttpParser.readHostDomainName(HttpParser.java:822)
	at org.apache.tomcat.util.http.parser.Host.parse(Host.java:71)
	at org.apache.tomcat.util.http.parser.Host.parse(Host.java:45)
	at org.apache.coyote.AbstractProcessor.parseHost(AbstractProcessor.java:288)
	at org.apache.coyote.http11.Http11Processor.prepareRequest(Http11Processor.java:809)
	at org.apache.coyote.http11.Http11Processor.service(Http11Processor.java:384)
	at org.apache.coyote.AbstractProcessorLight.process(AbstractProcessorLight.java:66)
	at org.apache.coyote.AbstractProtocol$ConnectionHandler.process(AbstractProtocol.java:834)
	at org.apache.tomcat.util.net.NioEndpoint$SocketProcessor.doRun(NioEndpoint.java:1415)
	at org.apache.tomcat.util.net.SocketProcessorBase.run(SocketProcessorBase.java:49)
	at java.util.concurrent.ThreadPoolExecutor.runWorker(ThreadPoolExecutor.java:1149)
	at java.util.concurrent.ThreadPoolExecutor$Worker.run(ThreadPoolExecutor.java:624)
	at org.apache.tomcat.util.threads.TaskThread$WrappingRunnable.run(TaskThread.java:61)
	at java.lang.Thread.run(Thread.java:748)

2019-03-30 09:06:26.713  INFO 544040 --- [081-exec-3] o.apache.coyote.http11.Http11Processor     175 : The host [weChatTax_test] is not valid
 Note: further occurrences of request parsing errors will be logged at DEBUG level.

java.lang.IllegalArgumentException: The character [_] is never valid in a domain name.
	at org.apache.tomcat.util.http.parser.HttpParser$DomainParseState.next(HttpParser.java:926)
	at org.apache.tomcat.util.http.parser.HttpParser.readHostDomainName(HttpParser.java:822)
	at org.apache.tomcat.util.http.parser.Host.parse(Host.java:71)
	at org.apache.tomcat.util.http.parser.Host.parse(Host.java:45)
	at org.apache.coyote.AbstractProcessor.parseHost(AbstractProcessor.java:288)
	at org.apache.coyote.http11.Http11Processor.prepareRequest(Http11Processor.java:809)
	at org.apache.coyote.http11.Http11Processor.service(Http11Processor.java:384)
	at org.apache.coyote.AbstractProcessorLight.process(AbstractProcessorLight.java:66)
	at org.apache.coyote.AbstractProtocol$ConnectionHandler.process(AbstractProtocol.java:834)
	at org.apache.tomcat.util.net.NioEndpoint$SocketProcessor.doRun(NioEndpoint.java:1415)
	at org.apache.tomcat.util.net.SocketProcessorBase.run(SocketProcessorBase.java:49)
	at java.util.concurrent.ThreadPoolExecutor.runWorker(ThreadPoolExecutor.java:1149)
	at java.util.concurrent.ThreadPoolExecutor$Worker.run(ThreadPoolExecutor.java:624)
	at org.apache.tomcat.util.threads.TaskThread$WrappingRunnable.run(TaskThread.java:61)
	at java.lang.Thread.run(Thread.java:748)

2019-03-30 09:06:26.723  INFO 544040 --- [081-exec-2] o.apache.coyote.http11.Http11Processor     175 : The host [weChatTax_test] is not valid
 Note: further occurrences of request parsing errors will be logged at DEBUG level.

java.lang.IllegalArgumentException: The character [_] is never valid in a domain name.
	at org.apache.tomcat.util.http.parser.HttpParser$DomainParseState.next(HttpParser.java:926)
	at org.apache.tomcat.util.http.parser.HttpParser.readHostDomainName(HttpParser.java:822)
	at org.apache.tomcat.util.http.parser.Host.parse(Host.java:71)
	at org.apache.tomcat.util.http.parser.Host.parse(Host.java:45)
	at org.apache.coyote.AbstractProcessor.parseHost(AbstractProcessor.java:288)
	at org.apache.coyote.http11.Http11Processor.prepareRequest(Http11Processor.java:809)
	at org.apache.coyote.http11.Http11Processor.service(Http11Processor.java:384)
	at org.apache.coyote.AbstractProcessorLight.process(AbstractProcessorLight.java:66)
	at org.apache.coyote.AbstractProtocol$ConnectionHandler.process(AbstractProtocol.java:834)
	at org.apache.tomcat.util.net.NioEndpoint$SocketProcessor.doRun(NioEndpoint.java:1415)
	at org.apache.tomcat.util.net.SocketProcessorBase.run(SocketProcessorBase.java:49)
	at java.util.concurrent.ThreadPoolExecutor.runWorker(ThreadPoolExecutor.java:1149)
	at java.util.concurrent.ThreadPoolExecutor$Worker.run(ThreadPoolExecutor.java:624)
	at org.apache.tomcat.util.threads.TaskThread$WrappingRunnable.run(TaskThread.java:61)
	at java.lang.Thread.run(Thread.java:748)

2019-03-30 09:06:26.753  INFO 544040 --- [081-exec-6] o.apache.coyote.http11.Http11Processor     175 : The host [weChatTax_test] is not valid
 Note: further occurrences of request parsing errors will be logged at DEBUG level.

java.lang.IllegalArgumentException: The character [_] is never valid in a domain name.
	at org.apache.tomcat.util.http.parser.HttpParser$DomainParseState.next(HttpParser.java:926)
	at org.apache.tomcat.util.http.parser.HttpParser.readHostDomainName(HttpParser.java:822)
	at org.apache.tomcat.util.http.parser.Host.parse(Host.java:71)
	at org.apache.tomcat.util.http.parser.Host.parse(Host.java:45)
	at org.apache.coyote.AbstractProcessor.parseHost(AbstractProcessor.java:288)
	at org.apache.coyote.http11.Http11Processor.prepareRequest(Http11Processor.java:809)
	at org.apache.coyote.http11.Http11Processor.service(Http11Processor.java:384)
	at org.apache.coyote.AbstractProcessorLight.process(AbstractProcessorLight.java:66)
	at org.apache.coyote.AbstractProtocol$ConnectionHandler.process(AbstractProtocol.java:834)
	at org.apache.tomcat.util.net.NioEndpoint$SocketProcessor.doRun(NioEndpoint.java:1415)
	at org.apache.tomcat.util.net.SocketProcessorBase.run(SocketProcessorBase.java:49)
	at java.util.concurrent.ThreadPoolExecutor.runWorker(ThreadPoolExecutor.java:1149)
	at java.util.concurrent.ThreadPoolExecutor$Worker.run(ThreadPoolExecutor.java:624)
	at org.apache.tomcat.util.threads.TaskThread$WrappingRunnable.run(TaskThread.java:61)
	at java.lang.Thread.run(Thread.java:748)

2019-03-30 09:06:26.753  INFO 544040 --- [081-exec-5] o.apache.coyote.http11.Http11Processor     175 : The host [weChatTax_test] is not valid
 Note: further occurrences of request parsing errors will be logged at DEBUG level.

java.lang.IllegalArgumentException: The character [_] is never valid in a domain name.
	at org.apache.tomcat.util.http.parser.HttpParser$DomainParseState.next(HttpParser.java:926)
	at org.apache.tomcat.util.http.parser.HttpParser.readHostDomainName(HttpParser.java:822)
	at org.apache.tomcat.util.http.parser.Host.parse(Host.java:71)
	at org.apache.tomcat.util.http.parser.Host.parse(Host.java:45)
	at org.apache.coyote.AbstractProcessor.parseHost(AbstractProcessor.java:288)
	at org.apache.coyote.http11.Http11Processor.prepareRequest(Http11Processor.java:809)
	at org.apache.coyote.http11.Http11Processor.service(Http11Processor.java:384)
	at org.apache.coyote.AbstractProcessorLight.process(AbstractProcessorLight.java:66)
	at org.apache.coyote.AbstractProtocol$ConnectionHandler.process(AbstractProtocol.java:834)
	at org.apache.tomcat.util.net.NioEndpoint$SocketProcessor.doRun(NioEndpoint.java:1415)
	at org.apache.tomcat.util.net.SocketProcessorBase.run(SocketProcessorBase.java:49)
	at java.util.concurrent.ThreadPoolExecutor.runWorker(ThreadPoolExecutor.java:1149)
	at java.util.concurrent.ThreadPoolExecutor$Worker.run(ThreadPoolExecutor.java:624)
	at org.apache.tomcat.util.threads.TaskThread$WrappingRunnable.run(TaskThread.java:61)
	at java.lang.Thread.run(Thread.java:748)

2019-03-30 09:06:26.753  INFO 544040 --- [081-exec-8] o.apache.coyote.http11.Http11Processor     175 : The host [weChatTax_test] is not valid
 Note: further occurrences of request parsing errors will be logged at DEBUG level.

java.lang.IllegalArgumentException: The character [_] is never valid in a domain name.
	at org.apache.tomcat.util.http.parser.HttpParser$DomainParseState.next(HttpParser.java:926)
	at org.apache.tomcat.util.http.parser.HttpParser.readHostDomainName(HttpParser.java:822)
	at org.apache.tomcat.util.http.parser.Host.parse(Host.java:71)
	at org.apache.tomcat.util.http.parser.Host.parse(Host.java:45)
	at org.apache.coyote.AbstractProcessor.parseHost(AbstractProcessor.java:288)
	at org.apache.coyote.http11.Http11Processor.prepareRequest(Http11Processor.java:809)
	at org.apache.coyote.http11.Http11Processor.service(Http11Processor.java:384)
	at org.apache.coyote.AbstractProcessorLight.process(AbstractProcessorLight.java:66)
	at org.apache.coyote.AbstractProtocol$ConnectionHandler.process(AbstractProtocol.java:834)
	at org.apache.tomcat.util.net.NioEndpoint$SocketProcessor.doRun(NioEndpoint.java:1415)
	at org.apache.tomcat.util.net.SocketProcessorBase.run(SocketProcessorBase.java:49)
	at java.util.concurrent.ThreadPoolExecutor.runWorker(ThreadPoolExecutor.java:1149)
	at java.util.concurrent.ThreadPoolExecutor$Worker.run(ThreadPoolExecutor.java:624)
	at org.apache.tomcat.util.threads.TaskThread$WrappingRunnable.run(TaskThread.java:61)
	at java.lang.Thread.run(Thread.java:748)

2019-03-30 09:06:26.755  INFO 544040 --- [081-exec-4] o.apache.coyote.http11.Http11Processor     175 : The host [weChatTax_test] is not valid
 Note: further occurrences of request parsing errors will be logged at DEBUG level.

java.lang.IllegalArgumentException: The character [_] is never valid in a domain name.
	at org.apache.tomcat.util.http.parser.HttpParser$DomainParseState.next(HttpParser.java:926)
	at org.apache.tomcat.util.http.parser.HttpParser.readHostDomainName(HttpParser.java:822)
	at org.apache.tomcat.util.http.parser.Host.parse(Host.java:71)
	at org.apache.tomcat.util.http.parser.Host.parse(Host.java:45)
	at org.apache.coyote.AbstractProcessor.parseHost(AbstractProcessor.java:288)
	at org.apache.coyote.http11.Http11Processor.prepareRequest(Http11Processor.java:809)
	at org.apache.coyote.http11.Http11Processor.service(Http11Processor.java:384)
	at org.apache.coyote.AbstractProcessorLight.process(AbstractProcessorLight.java:66)
	at org.apache.coyote.AbstractProtocol$ConnectionHandler.process(AbstractProtocol.java:834)
	at org.apache.tomcat.util.net.NioEndpoint$SocketProcessor.doRun(NioEndpoint.java:1415)
	at org.apache.tomcat.util.net.SocketProcessorBase.run(SocketProcessorBase.java:49)
	at java.util.concurrent.ThreadPoolExecutor.runWorker(ThreadPoolExecutor.java:1149)
	at java.util.concurrent.ThreadPoolExecutor$Worker.run(ThreadPoolExecutor.java:624)
	at org.apache.tomcat.util.threads.TaskThread$WrappingRunnable.run(TaskThread.java:61)
	at java.lang.Thread.run(Thread.java:748)

2019-03-30 09:06:26.757  INFO 544040 --- [081-exec-9] o.apache.coyote.http11.Http11Processor     175 : The host [weChatTax_test] is not valid
 Note: further occurrences of request parsing errors will be logged at DEBUG level.

java.lang.IllegalArgumentException: The character [_] is never valid in a domain name.
	at org.apache.tomcat.util.http.parser.HttpParser$DomainParseState.next(HttpParser.java:926)
	at org.apache.tomcat.util.http.parser.HttpParser.readHostDomainName(HttpParser.java:822)
	at org.apache.tomcat.util.http.parser.Host.parse(Host.java:71)
	at org.apache.tomcat.util.http.parser.Host.parse(Host.java:45)
	at org.apache.coyote.AbstractProcessor.parseHost(AbstractProcessor.java:288)
	at org.apache.coyote.http11.Http11Processor.prepareRequest(Http11Processor.java:809)
	at org.apache.coyote.http11.Http11Processor.service(Http11Processor.java:384)
	at org.apache.coyote.AbstractProcessorLight.process(AbstractProcessorLight.java:66)
	at org.apache.coyote.AbstractProtocol$ConnectionHandler.process(AbstractProtocol.java:834)
	at org.apache.tomcat.util.net.NioEndpoint$SocketProcessor.doRun(NioEndpoint.java:1415)
	at org.apache.tomcat.util.net.SocketProcessorBase.run(SocketProcessorBase.java:49)
	at java.util.concurrent.ThreadPoolExecutor.runWorker(ThreadPoolExecutor.java:1149)
	at java.util.concurrent.ThreadPoolExecutor$Worker.run(ThreadPoolExecutor.java:624)
	at org.apache.tomcat.util.threads.TaskThread$WrappingRunnable.run(TaskThread.java:61)
	at java.lang.Thread.run(Thread.java:748)

